[2026-06-24T11:07:00.037094900] [SCANNER] === Programme 1 (Scanner) démarré ===
[2026-06-24T11:07:00.038092800] [SCANNER] Surveillance du répertoire : C:/Users/miari/Documents/projetMP3/mp3/musique
[2026-06-24T11:08:50.135643300] [SCANNER] Nouveau MP3 détecté : Ankino.mp3
[2026-06-24T11:08:50.393775700] [SCANNER] Message envoyé à Programme 2 pour : Ankino.mp3
[2026-06-24T11:08:50.396405] [SCANNER] Nouveau MP3 détecté : Antanambao.MP3
[2026-06-24T11:08:50.399079800] [SCANNER] Message envoyé à Programme 2 pour : Antanambao.MP3
[2026-06-24T11:08:50.400146] [SCANNER] Nouveau MP3 détecté : IAO.MP3
[2026-06-24T11:08:50.403075] [SCANNER] Message envoyé à Programme 2 pour : IAO.MP3
[2026-06-24T11:08:50.404166400] [SCANNER] Nouveau MP3 détecté : OliviaRodrigo_Less.mp3
[2026-06-24T11:08:50.405283300] [SCANNER] Message envoyé à Programme 2 pour : OliviaRodrigo_Less.mp3
[2026-06-24T11:08:50.406471100] [SCANNER] Nouveau MP3 détecté : OliviaRodrigo_Purple.mp3
[2026-06-24T11:08:50.409470600] [SCANNER] Message envoyé à Programme 2 pour : OliviaRodrigo_Purple.mp3
[2026-06-24T11:08:50.420095] [SCANNER] Nouveau MP3 détecté : OliviaRodrigo_TheCure_Pop_Youseemprettysadforagirlsoinlove.mp3
[2026-06-24T11:08:50.428663200] [SCANNER] Message envoyé à Programme 2 pour : OliviaRodrigo_TheCure_Pop_Youseemprettysadforagirlsoinlove.mp3
[2026-06-24T11:08:50.429909] [SCANNER] Nouveau MP3 détecté : Poopy_Tahakizay.mp3
[2026-06-24T11:08:50.434059] [SCANNER] Message envoyé à Programme 2 pour : Poopy_Tahakizay.mp3
[2026-06-24T11:08:50.435954600] [SCANNER] Nouveau MP3 détecté : RijaRamanantoanina_MiandryFoana.mp3
[2026-06-24T11:08:50.438278900] [SCANNER] Message envoyé à Programme 2 pour : RijaRamanantoanina_MiandryFoana.mp3
[2026-06-24T11:08:50.438841500] [SCANNER] Nouveau MP3 détecté : ShawnMendes_Iknowwhatyoudidlastsummer.mp3
[2026-06-24T11:08:50.440520900] [SCANNER] Message envoyé à Programme 2 pour : ShawnMendes_Iknowwhatyoudidlastsummer.mp3
[2026-06-24T11:08:50.441068900] [SCANNER] Nouveau MP3 détecté : Wizkid_Joro.mp3
[2026-06-24T11:08:50.442756900] [SCANNER] Message envoyé à Programme 2 pour : Wizkid_Joro.mp3
[2026-06-24T11:08:50.444002400] [SCANNER] Nouveau MP3 détecté : Yzit_FoMijaly.mp3
[2026-06-24T11:08:50.445866100] [SCANNER] Message envoyé à Programme 2 pour : Yzit_FoMijaly.mp3
[2026-06-24T21:14:53.311496400] [SCANNER] === Programme 1 (Scanner) démarré ===
[2026-06-24T21:14:53.313530400] [SCANNER] Surveillance du répertoire : C:/Users/miari/Documents/projetMP3/mp3/musique
[2026-06-24T21:41:40.280049700] [SCANNER] === Programme 1 (Scanner) démarré ===
[2026-06-24T21:41:40.284326500] [SCANNER] Surveillance du répertoire : C:/Users/miari/Documents/projetMP3/mp3/musique
[2026-06-24T21:42:30.308375400] [SCANNER] Nouveau MP3 détecté : Ankino.mp3
[2026-06-24T21:42:30.405553100] [SCANNER] Message envoyé à Programme 2 pour : Ankino.mp3
[2026-06-24T21:42:30.406065600] [SCANNER] Nouveau MP3 détecté : Antanambao.MP3
[2026-06-24T21:42:30.407394100] [SCANNER] Message envoyé à Programme 2 pour : Antanambao.MP3
[2026-06-24T21:42:30.407394100] [SCANNER] Nouveau MP3 détecté : IAO.MP3
[2026-06-24T21:42:30.408356600] [SCANNER] Message envoyé à Programme 2 pour : IAO.MP3
[2026-06-24T21:42:30.408356600] [SCANNER] Nouveau MP3 détecté : OliviaRodrigo_Less.mp3
[2026-06-24T21:42:30.409390900] [SCANNER] Message envoyé à Programme 2 pour : OliviaRodrigo_Less.mp3
[2026-06-24T21:42:30.409390900] [SCANNER] Nouveau MP3 détecté : OliviaRodrigo_Purple.mp3
[2026-06-24T21:42:30.409918800] [SCANNER] Message envoyé à Programme 2 pour : OliviaRodrigo_Purple.mp3
[2026-06-24T21:42:30.410438700] [SCANNER] Nouveau MP3 détecté : OliviaRodrigo_TheCure_Pop_Youseemprettysadforagirlsoinlove.mp3
[2026-06-24T21:42:30.410962700] [SCANNER] Message envoyé à Programme 2 pour : OliviaRodrigo_TheCure_Pop_Youseemprettysadforagirlsoinlove.mp3
[2026-06-24T21:42:30.411493600] [SCANNER] Nouveau MP3 détecté : Poopy_Tahakizay.mp3
[2026-06-24T21:42:30.411816300] [SCANNER] Message envoyé à Programme 2 pour : Poopy_Tahakizay.mp3
[2026-06-24T21:42:30.412341] [SCANNER] Nouveau MP3 détecté : RijaRamanantoanina_MiandryFoana.mp3
[2026-06-24T21:42:30.412860200] [SCANNER] Message envoyé à Programme 2 pour : RijaRamanantoanina_MiandryFoana.mp3
[2026-06-24T21:42:30.413378600] [SCANNER] Nouveau MP3 détecté : ShawnMendes_Iknowwhatyoudidlastsummer.mp3
[2026-06-24T21:42:30.413900500] [SCANNER] Message envoyé à Programme 2 pour : ShawnMendes_Iknowwhatyoudidlastsummer.mp3
[2026-06-24T21:42:30.414429700] [SCANNER] Nouveau MP3 détecté : Wizkid_Joro.mp3
[2026-06-24T21:42:30.415467400] [SCANNER] Message envoyé à Programme 2 pour : Wizkid_Joro.mp3
[2026-06-24T21:42:30.415467400] [SCANNER] Nouveau MP3 détecté : Yzit_FoMijaly.mp3
[2026-06-24T21:42:30.416537600] [SCANNER] Message envoyé à Programme 2 pour : Yzit_FoMijaly.mp3
[2026-06-24T21:56:21.625017700] [SCANNER] === Programme 1 (Scanner) démarré ===
[2026-06-24T21:56:21.626026600] [SCANNER] Surveillance du répertoire : C:/Users/miari/Documents/projetMP3/mp3/musique
