[2026-07-01T09:37:12.516027] [DELETER] Reçu demande de suppression : C:\Users\miari\Documents\projetMP3\mp3\musique\Ankino.mp3
[2026-07-01T09:37:12.520032600] [DELETER] ? Fichier supprimé du répertoire musique : Ankino.mp3
[2026-07-01T09:37:12.522106200] [DELETER] Reçu demande de suppression : C:\Users\miari\Documents\projetMP3\mp3\musique\Antanambao.MP3
[2026-07-01T09:37:12.524623600] [DELETER] ? Fichier supprimé du répertoire musique : Antanambao.MP3
[2026-07-01T09:37:12.560630300] [DELETER] Reçu demande de suppression : C:\Users\miari\Documents\projetMP3\mp3\musique\RijaRamanantoanina_MiandryFoana.mp3
[2026-07-01T09:37:12.563934400] [DELETER] ? Fichier supprimé du répertoire musique : RijaRamanantoanina_MiandryFoana.mp3
[2026-07-01T09:37:12.571373700] [DELETER] Reçu demande de suppression : C:\Users\miari\Documents\projetMP3\mp3\musique\ShawnMendes_Iknowwhatyoudidlastsummer.mp3
[2026-07-01T09:37:12.574043700] [DELETER] ? Fichier supprimé du répertoire musique : ShawnMendes_Iknowwhatyoudidlastsummer.mp3
[2026-07-01T09:37:12.583025200] [DELETER] Reçu demande de suppression : C:\Users\miari\Documents\projetMP3\mp3\musique\Wizkid_Joro.mp3
[2026-07-01T09:37:12.586220700] [DELETER] ? Fichier supprimé du répertoire musique : Wizkid_Joro.mp3
[2026-07-01T09:46:07.893261400] [DELETER] Reçu demande de suppression : C:\Users\miari\Documents\projetMP3\mp3\musique\Ankino.mp3
[2026-07-01T09:46:07.896384800] [DELETER] ? Fichier supprimé du répertoire musique : Ankino.mp3
[2026-07-01T09:46:07.898506700] [DELETER] Reçu demande de suppression : C:\Users\miari\Documents\projetMP3\mp3\musique\Antanambao.MP3
[2026-07-01T09:46:07.900621100] [DELETER] ? Fichier supprimé du répertoire musique : Antanambao.MP3
[2026-07-01T09:46:07.902212300] [DELETER] Reçu demande de suppression : C:\Users\miari\Documents\projetMP3\mp3\musique\RijaRamanantoanina_MiandryFoana.mp3
[2026-07-01T09:46:07.904789900] [DELETER] ? Fichier supprimé du répertoire musique : RijaRamanantoanina_MiandryFoana.mp3
[2026-07-01T09:46:07.905710100] [DELETER] Reçu demande de suppression : C:\Users\miari\Documents\projetMP3\mp3\musique\ShawnMendes_Iknowwhatyoudidlastsummer.mp3
[2026-07-01T09:46:07.908241800] [DELETER] ? Fichier supprimé du répertoire musique : ShawnMendes_Iknowwhatyoudidlastsummer.mp3
[2026-07-01T09:46:07.913582800] [DELETER] Reçu demande de suppression : C:\Users\miari\Documents\projetMP3\mp3\musique\Wizkid_Joro.mp3
[2026-07-01T09:46:07.916203400] [DELETER] ? Fichier supprimé du répertoire musique : Wizkid_Joro.mp3
[2026-07-01T09:54:15.628779600] [DELETER] Reçu demande de suppression : C:\Users\miari\Documents\projetMP3\mp3\musique\Ankino.mp3
[2026-07-01T09:54:15.631425800] [DELETER] ? Fichier supprimé du répertoire musique : Ankino.mp3
[2026-07-01T09:54:15.672834700] [DELETER] Reçu demande de suppression : C:\Users\miari\Documents\projetMP3\mp3\musique\Antanambao.MP3
[2026-07-01T09:54:15.675471800] [DELETER] ? Fichier supprimé du répertoire musique : Antanambao.MP3
[2026-07-01T09:54:15.722459100] [DELETER] Reçu demande de suppression : C:\Users\miari\Documents\projetMP3\mp3\musique\RijaRamanantoanina_MiandryFoana.mp3
[2026-07-01T09:54:15.724605300] [DELETER] ? Fichier supprimé du répertoire musique : RijaRamanantoanina_MiandryFoana.mp3
[2026-07-01T09:54:15.764399] [DELETER] Reçu demande de suppression : C:\Users\miari\Documents\projetMP3\mp3\musique\ShawnMendes_Iknowwhatyoudidlastsummer.mp3
[2026-07-01T09:54:15.766505800] [DELETER] ? Fichier supprimé du répertoire musique : ShawnMendes_Iknowwhatyoudidlastsummer.mp3
[2026-07-01T09:54:15.809584300] [DELETER] Reçu demande de suppression : C:\Users\miari\Documents\projetMP3\mp3\musique\Wizkid_Joro.mp3
[2026-07-01T09:54:15.812179600] [DELETER] ? Fichier supprimé du répertoire musique : Wizkid_Joro.mp3
